<?xml version="1.0" encoding="UTF-8"?>
<!-- Generated by org.testng.reporters.JUnitReportReporter -->
<testsuite hostname="DESKTOP-UM2MPT8" failures="0" tests="7" name="RegistrationPageTest" time="21.972" errors="0" timestamp="2023-09-09T19:21:30 IST" skipped="0">
  <testcase classname="RegistrationPageTest" name="UIOfTheRegistrationPage" time="1.774"/>
  <testcase classname="RegistrationPageTest" name="RegistrationPageWithEmptyNameField" time="1.801"/>
  <testcase classname="RegistrationPageTest" name="RegistrationPageWithValidInputs" time="4.730"/>
  <testcase classname="RegistrationPageTest" name="RegistrationPageWithValidInputs" time="2.084"/>
  <testcase classname="RegistrationPageTest" name="RegistrationPageWithValidInputs" time="1.990"/>
  <testcase classname="RegistrationPageTest" name="RegistrationPageWithValidInputs" time="1.974"/>
  <testcase classname="RegistrationPageTest" name="RegistrationPageWithValidInputs" time="7.619"/>
</testsuite> <!-- RegistrationPageTest -->
