<?xml version="1.0" encoding="UTF-8"?>
<!-- Generated by org.testng.reporters.JUnitReportReporter -->
<testsuite hostname="DESKTOP-UM2MPT8" failures="0" tests="2" name="WelcomePageTest" time="3.667" errors="0" timestamp="2023-09-09T19:21:30 IST" skipped="0">
  <testcase classname="WelcomePageTest" name="UIOfTheWelcomePage" time="1.687"/>
  <testcase classname="WelcomePageTest" name="FunctionalityOfTheWelcomePage" time="1.980"/>
</testsuite> <!-- WelcomePageTest -->
